# Logfile created on Tue Sep 14 16:33:52 -0300 2010  [4;36;1mSQL (0.2ms)[0m   [0;1mSET NAMES 'utf8'[0m
  [4;35;1mSQL (0.1ms)[0m   [0mSET SQL_AUTO_IS_NULL=0[0m
DEPRECATION WARNING: Disabling sessions for a single controller has been deprecated. Sessions are now lazy loaded. So if you don't access them, consider them off. You can still modify the session cookie options with request.session_options.. (called from /home/mauricio/Documentos/RubyOnRails/depot-vs-Base/app/controllers/application_controller.rb:18)
DEPRECATION WARNING: protect_from_forgery only takes :only and :except options now. :digest and :secret have no effect. (called from /home/mauricio/Documentos/RubyOnRails/depot-vs-Base/app/controllers/application_controller.rb:21)


Processing AppNoticiasController#index (for 127.0.0.1 at 2010-09-14 16:34:01) [GET]
  [4;36;1mContenido Load (0.6ms)[0m   [0;1mSELECT * FROM `contenidos` ORDER BY id[0m
********  Usuario cargado:  
  [4;35;1mUser Columns (1.3ms)[0m   [0mSHOW FIELDS FROM `users`[0m
  [4;36;1mUser Load (0.5ms)[0m   [0;1mSELECT * FROM `users` WHERE (`users`.`id` = 2) [0m
********  Id profile: usrvira
  [4;35;1mProfile Columns (1.3ms)[0m   [0mSHOW FIELDS FROM `profiles`[0m
  [4;36;1mProfile Load (0.5ms)[0m   [0;1mSELECT * FROM `profiles` WHERE (`profiles`.`id` = 2) LIMIT 1[0m
********  Perfil del usuario cargado con perfil: 
  [4;35;1mContainer Columns (1.2ms)[0m   [0mSHOW FIELDS FROM `containers`[0m
  [4;36;1mContainer Load (0.4ms)[0m   [0;1mSELECT * FROM `containers` WHERE (`containers`.`id` = 1) [0m
El template asignado para el perfil es: principal_coop_virazon
Rendering template within layouts/principal_coop_virazon
Rendering app_noticias/index
  [4;35;1mContenido Columns (1.2ms)[0m   [0mSHOW FIELDS FROM `contenidos`[0m
  [4;36;1mTipoContenido Columns (1.2ms)[0m   [0;1mSHOW FIELDS FROM `tipo_contenidos`[0m
  [4;35;1mTipoContenido Load (0.5ms)[0m   [0mSELECT * FROM `tipo_contenidos` WHERE (`tipo_contenidos`.`id` = 1) [0m
  [4;36;1mElemento Columns (1.3ms)[0m   [0;1mSHOW FIELDS FROM `elementos`[0m
  [4;35;1mElemento Load (0.5ms)[0m   [0mSELECT * FROM `elementos` WHERE (`elementos`.`contenido_id` = 1) [0m
  [4;36;1mTipoElemento Columns (1.3ms)[0m   [0;1mSHOW FIELDS FROM `tipo_elementos`[0m
  [4;35;1mTipoElemento Load (0.4ms)[0m   [0mSELECT * FROM `tipo_elementos` WHERE (`tipo_elementos`.`id` = 1) [0m
Rendered app_noticias/_render_texto (0.8ms)
  [4;36;1mCACHE (0.0ms)[0m   [0;1mSELECT * FROM `tipo_elementos` WHERE (`tipo_elementos`.`id` = 1) [0m
Rendered app_noticias/_render_texto (0.1ms)
  [4;35;1mTipoElemento Load (0.5ms)[0m   [0mSELECT * FROM `tipo_elementos` WHERE (`tipo_elementos`.`id` = 2) [0m
Rendered app_noticias/_render_imagen (2.4ms)
  [4;36;1mCACHE (0.0ms)[0m   [0;1mSELECT * FROM `tipo_elementos` WHERE (`tipo_elementos`.`id` = 2) [0m
Rendered app_noticias/_render_imagen (98.8ms)

ActionView::TemplateError (undefined local variable or method `h_hola' for #<ActionView::Base:0xb7568f80>) on line #33 of app/views/app_noticias/_template_noticias_1.erb:
30:   <fieldset>
31:     <legend><%= @noticia.descripcion %></legend>
32: 	<hr />
33: 	<%= h_hola  %>
34: 	<%= x[1][0] %>
35: 	<%= x[2][0] %>
36:         <hr />

    app/views/app_noticias/_template_noticias_1.erb:33
    app/views/app_noticias/index.html.erb:15
    app/views/app_noticias/index.html.erb:4:in `each'
    app/views/app_noticias/index.html.erb:4
    /usr/local/lib/ruby/1.8/webrick/httpserver.rb:104:in `service'
    /usr/local/lib/ruby/1.8/webrick/httpserver.rb:65:in `run'
    /usr/local/lib/ruby/1.8/webrick/server.rb:173:in `start_thread'
    /usr/local/lib/ruby/1.8/webrick/server.rb:162:in `start'
    /usr/local/lib/ruby/1.8/webrick/server.rb:162:in `start_thread'
    /usr/local/lib/ruby/1.8/webrick/server.rb:95:in `start'
    /usr/local/lib/ruby/1.8/webrick/server.rb:92:in `each'
    /usr/local/lib/ruby/1.8/webrick/server.rb:92:in `start'
    /usr/local/lib/ruby/1.8/webrick/server.rb:23:in `start'
    /usr/local/lib/ruby/1.8/webrick/server.rb:82:in `start'

Rendered rescues/_trace (74.9ms)
Rendered rescues/_request_and_response (1.8ms)
Rendering rescues/layout (internal_server_error)
  [4;35;1mSQL (0.2ms)[0m   [0mSET NAMES 'utf8'[0m
  [4;36;1mSQL (0.2ms)[0m   [0;1mSET SQL_AUTO_IS_NULL=0[0m
DEPRECATION WARNING: Disabling sessions for a single controller has been deprecated. Sessions are now lazy loaded. So if you don't access them, consider them off. You can still modify the session cookie options with request.session_options.. (called from /home/mauricio/Documentos/RubyOnRails/depot-vs-Base/app/controllers/application_controller.rb:18)
DEPRECATION WARNING: protect_from_forgery only takes :only and :except options now. :digest and :secret have no effect. (called from /home/mauricio/Documentos/RubyOnRails/depot-vs-Base/app/controllers/application_controller.rb:21)


Processing AppNoticiasController#index (for 127.0.0.1 at 2010-09-14 16:34:19) [GET]
  [4;35;1mContenido Load (0.5ms)[0m   [0mSELECT * FROM `contenidos` ORDER BY id[0m
********  Usuario cargado:  
  [4;36;1mUser Columns (1.3ms)[0m   [0;1mSHOW FIELDS FROM `users`[0m
  [4;35;1mUser Load (0.5ms)[0m   [0mSELECT * FROM `users` WHERE (`users`.`id` = 2) [0m
********  Id profile: usrvira
  [4;36;1mProfile Columns (1.4ms)[0m   [0;1mSHOW FIELDS FROM `profiles`[0m
  [4;35;1mProfile Load (0.5ms)[0m   [0mSELECT * FROM `profiles` WHERE (`profiles`.`id` = 2) LIMIT 1[0m
********  Perfil del usuario cargado con perfil: 
  [4;36;1mContainer Columns (1.3ms)[0m   [0;1mSHOW FIELDS FROM `containers`[0m
  [4;35;1mContainer Load (0.4ms)[0m   [0mSELECT * FROM `containers` WHERE (`containers`.`id` = 1) [0m
El template asignado para el perfil es: principal_coop_virazon
Rendering template within layouts/principal_coop_virazon
Rendering app_noticias/index
  [4;36;1mContenido Columns (1.3ms)[0m   [0;1mSHOW FIELDS FROM `contenidos`[0m
  [4;35;1mTipoContenido Columns (1.3ms)[0m   [0mSHOW FIELDS FROM `tipo_contenidos`[0m
  [4;36;1mTipoContenido Load (0.4ms)[0m   [0;1mSELECT * FROM `tipo_contenidos` WHERE (`tipo_contenidos`.`id` = 1) [0m
  [4;35;1mElemento Columns (1.6ms)[0m   [0mSHOW FIELDS FROM `elementos`[0m
  [4;36;1mElemento Load (0.5ms)[0m   [0;1mSELECT * FROM `elementos` WHERE (`elementos`.`contenido_id` = 1) [0m
  [4;35;1mTipoElemento Columns (1.1ms)[0m   [0mSHOW FIELDS FROM `tipo_elementos`[0m
  [4;36;1mTipoElemento Load (0.4ms)[0m   [0;1mSELECT * FROM `tipo_elementos` WHERE (`tipo_elementos`.`id` = 1) [0m
Rendered app_noticias/_render_texto (0.2ms)
  [4;35;1mCACHE (0.0ms)[0m   [0mSELECT * FROM `tipo_elementos` WHERE (`tipo_elementos`.`id` = 1) [0m
Rendered app_noticias/_render_texto (0.1ms)
  [4;36;1mTipoElemento Load (0.4ms)[0m   [0;1mSELECT * FROM `tipo_elementos` WHERE (`tipo_elementos`.`id` = 2) [0m
Rendered app_noticias/_render_imagen (1.0ms)
  [4;35;1mCACHE (0.0ms)[0m   [0mSELECT * FROM `tipo_elementos` WHERE (`tipo_elementos`.`id` = 2) [0m
Rendered app_noticias/_render_imagen (0.9ms)

ActionView::TemplateError (undefined method `hola' for AppNoticiasController:Class) on line #33 of app/views/app_noticias/_template_noticias_1.erb:
30:   <fieldset>
31:     <legend><%= @noticia.descripcion %></legend>
32: 	<hr />
33: 	<%= h_hola  %>
34: 	<%= x[1][0] %>
35: 	<%= x[2][0] %>
36:         <hr />

    app/helpers/app_noticias_helper.rb:6:in `h_hola'
    app/views/app_noticias/_template_noticias_1.erb:33
    app/views/app_noticias/index.html.erb:15
    app/views/app_noticias/index.html.erb:4:in `each'
    app/views/app_noticias/index.html.erb:4
    /usr/local/lib/ruby/1.8/webrick/httpserver.rb:104:in `service'
    /usr/local/lib/ruby/1.8/webrick/httpserver.rb:65:in `run'
    /usr/local/lib/ruby/1.8/webrick/server.rb:173:in `start_thread'
    /usr/local/lib/ruby/1.8/webrick/server.rb:162:in `start'
    /usr/local/lib/ruby/1.8/webrick/server.rb:162:in `start_thread'
    /usr/local/lib/ruby/1.8/webrick/server.rb:95:in `start'
    /usr/local/lib/ruby/1.8/webrick/server.rb:92:in `each'
    /usr/local/lib/ruby/1.8/webrick/server.rb:92:in `start'
    /usr/local/lib/ruby/1.8/webrick/server.rb:23:in `start'
    /usr/local/lib/ruby/1.8/webrick/server.rb:82:in `start'

Rendered rescues/_trace (79.9ms)
Rendered rescues/_request_and_response (0.5ms)
Rendering rescues/layout (internal_server_error)
  [4;36;1mSQL (0.2ms)[0m   [0;1mSET NAMES 'utf8'[0m
  [4;35;1mSQL (0.2ms)[0m   [0mSET SQL_AUTO_IS_NULL=0[0m
DEPRECATION WARNING: Disabling sessions for a single controller has been deprecated. Sessions are now lazy loaded. So if you don't access them, consider them off. You can still modify the session cookie options with request.session_options.. (called from /home/mauricio/Documentos/RubyOnRails/depot-vs-Base/app/controllers/application_controller.rb:18)
DEPRECATION WARNING: protect_from_forgery only takes :only and :except options now. :digest and :secret have no effect. (called from /home/mauricio/Documentos/RubyOnRails/depot-vs-Base/app/controllers/application_controller.rb:21)


Processing AppNoticiasController#index (for 127.0.0.1 at 2010-09-14 16:34:31) [GET]
  [4;36;1mContenido Load (0.5ms)[0m   [0;1mSELECT * FROM `contenidos` ORDER BY id[0m
********  Usuario cargado:  
  [4;35;1mUser Columns (2.3ms)[0m   [0mSHOW FIELDS FROM `users`[0m
  [4;36;1mUser Load (0.4ms)[0m   [0;1mSELECT * FROM `users` WHERE (`users`.`id` = 2) [0m
********  Id profile: usrvira
  [4;35;1mProfile Columns (1.4ms)[0m   [0mSHOW FIELDS FROM `profiles`[0m
  [4;36;1mProfile Load (0.5ms)[0m   [0;1mSELECT * FROM `profiles` WHERE (`profiles`.`id` = 2) LIMIT 1[0m
********  Perfil del usuario cargado con perfil: 
  [4;35;1mContainer Columns (1.2ms)[0m   [0mSHOW FIELDS FROM `containers`[0m
  [4;36;1mContainer Load (0.4ms)[0m   [0;1mSELECT * FROM `containers` WHERE (`containers`.`id` = 1) [0m
El template asignado para el perfil es: principal_coop_virazon
Rendering template within layouts/principal_coop_virazon
Rendering app_noticias/index
  [4;35;1mContenido Columns (1.2ms)[0m   [0mSHOW FIELDS FROM `contenidos`[0m
  [4;36;1mTipoContenido Columns (1.1ms)[0m   [0;1mSHOW FIELDS FROM `tipo_contenidos`[0m
  [4;35;1mTipoContenido Load (0.5ms)[0m   [0mSELECT * FROM `tipo_contenidos` WHERE (`tipo_contenidos`.`id` = 1) [0m
  [4;36;1mElemento Columns (1.4ms)[0m   [0;1mSHOW FIELDS FROM `elementos`[0m
  [4;35;1mElemento Load (0.7ms)[0m   [0mSELECT * FROM `elementos` WHERE (`elementos`.`contenido_id` = 1) [0m
  [4;36;1mTipoElemento Columns (1.2ms)[0m   [0;1mSHOW FIELDS FROM `tipo_elementos`[0m
  [4;35;1mTipoElemento Load (0.5ms)[0m   [0mSELECT * FROM `tipo_elementos` WHERE (`tipo_elementos`.`id` = 1) [0m
Rendered app_noticias/_render_texto (0.2ms)
  [4;36;1mCACHE (0.0ms)[0m   [0;1mSELECT * FROM `tipo_elementos` WHERE (`tipo_elementos`.`id` = 1) [0m
Rendered app_noticias/_render_texto (0.1ms)
  [4;35;1mTipoElemento Load (0.5ms)[0m   [0mSELECT * FROM `tipo_elementos` WHERE (`tipo_elementos`.`id` = 2) [0m
Rendered app_noticias/_render_imagen (1.1ms)
  [4;36;1mCACHE (0.0ms)[0m   [0;1mSELECT * FROM `tipo_elementos` WHERE (`tipo_elementos`.`id` = 2) [0m
Rendered app_noticias/_render_imagen (0.8ms)

ActionView::TemplateError (undefined method `hola' for AppNoticiasController:Class) on line #33 of app/views/app_noticias/_template_noticias_1.erb:
30:   <fieldset>
31:     <legend><%= @noticia.descripcion %></legend>
32: 	<hr />
33: 	<%= h_hola  %>
34: 	<%= x[1][0] %>
35: 	<%= x[2][0] %>
36:         <hr />

    app/helpers/app_noticias_helper.rb:6:in `h_hola'
    app/views/app_noticias/_template_noticias_1.erb:33
    app/views/app_noticias/index.html.erb:15
    app/views/app_noticias/index.html.erb:4:in `each'
    app/views/app_noticias/index.html.erb:4
    /usr/local/lib/ruby/1.8/webrick/httpserver.rb:104:in `service'
    /usr/local/lib/ruby/1.8/webrick/httpserver.rb:65:in `run'
    /usr/local/lib/ruby/1.8/webrick/server.rb:173:in `start_thread'
    /usr/local/lib/ruby/1.8/webrick/server.rb:162:in `start'
    /usr/local/lib/ruby/1.8/webrick/server.rb:162:in `start_thread'
    /usr/local/lib/ruby/1.8/webrick/server.rb:95:in `start'
    /usr/local/lib/ruby/1.8/webrick/server.rb:92:in `each'
    /usr/local/lib/ruby/1.8/webrick/server.rb:92:in `start'
    /usr/local/lib/ruby/1.8/webrick/server.rb:23:in `start'
    /usr/local/lib/ruby/1.8/webrick/server.rb:82:in `start'

Rendered rescues/_trace (224.5ms)
Rendered rescues/_request_and_response (0.5ms)
Rendering rescues/layout (internal_server_error)
  [4;35;1mSQL (0.2ms)[0m   [0mSET NAMES 'utf8'[0m
  [4;36;1mSQL (0.2ms)[0m   [0;1mSET SQL_AUTO_IS_NULL=0[0m
/!\ FAILSAFE /!\  Tue Sep 14 16:34:41 -0300 2010
  Status: 500 Internal Server Error
  /home/mauricio/Documentos/RubyOnRails/depot-vs-Base/app/helpers/app_noticias_helper.rb:6: syntax error, unexpected '(', expecting kEND
           return AppNoticiasController:hola()
                                             ^
    /usr/local/lib/ruby/gems/1.8/gems/activesupport-2.3.5/lib/active_support/dependencies.rb:380:in `load_without_new_constant_marking'
    /usr/local/lib/ruby/gems/1.8/gems/activesupport-2.3.5/lib/active_support/dependencies.rb:380:in `load_file'
    /usr/local/lib/ruby/gems/1.8/gems/activesupport-2.3.5/lib/active_support/dependencies.rb:521:in `new_constants_in'
    /usr/local/lib/ruby/gems/1.8/gems/activesupport-2.3.5/lib/active_support/dependencies.rb:379:in `load_file'
    /usr/local/lib/ruby/gems/1.8/gems/activesupport-2.3.5/lib/active_support/dependencies.rb:259:in `require_or_load'
    /usr/local/lib/ruby/gems/1.8/gems/activesupport-2.3.5/lib/active_support/dependencies.rb:224:in `depend_on'
    /usr/local/lib/ruby/gems/1.8/gems/activesupport-2.3.5/lib/active_support/dependencies.rb:136:in `require_dependency'
    /usr/local/lib/ruby/gems/1.8/gems/actionpack-2.3.5/lib/action_controller/helpers.rb:126:in `helper'
    /usr/local/lib/ruby/gems/1.8/gems/actionpack-2.3.5/lib/action_controller/helpers.rb:115:in `each'
    /usr/local/lib/ruby/gems/1.8/gems/actionpack-2.3.5/lib/action_controller/helpers.rb:115:in `helper'
    /usr/local/lib/ruby/gems/1.8/gems/actionpack-2.3.5/lib/action_controller/helpers.rb:120:in `helper'
    /usr/local/lib/ruby/gems/1.8/gems/actionpack-2.3.5/lib/action_controller/helpers.rb:115:in `each'
    /usr/local/lib/ruby/gems/1.8/gems/actionpack-2.3.5/lib/action_controller/helpers.rb:115:in `helper'
    /home/mauricio/Documentos/RubyOnRails/depot-vs-Base/app/controllers/application_controller.rb:12
    /usr/local/lib/ruby/gems/1.8/gems/activesupport-2.3.5/lib/active_support/dependencies.rb:380:in `load_without_new_constant_marking'
    /usr/local/lib/ruby/gems/1.8/gems/activesupport-2.3.5/lib/active_support/dependencies.rb:380:in `load_file'
    /usr/local/lib/ruby/gems/1.8/gems/activesupport-2.3.5/lib/active_support/dependencies.rb:521:in `new_constants_in'
    /usr/local/lib/ruby/gems/1.8/gems/activesupport-2.3.5/lib/active_support/dependencies.rb:379:in `load_file'
    /usr/local/lib/ruby/gems/1.8/gems/activesupport-2.3.5/lib/active_support/dependencies.rb:259:in `require_or_load'
    /usr/local/lib/ruby/gems/1.8/gems/activesupport-2.3.5/lib/active_support/dependencies.rb:425:in `load_missing_constant'
    /usr/local/lib/ruby/gems/1.8/gems/activesupport-2.3.5/lib/active_support/dependencies.rb:80:in `const_missing'
    /usr/local/lib/ruby/gems/1.8/gems/activesupport-2.3.5/lib/active_support/dependencies.rb:92:in `const_missing'
    /usr/local/lib/ruby/gems/1.8/gems/actionpack-2.3.5/lib/action_controller/dispatcher.rb:89:in `dispatch'
    /usr/local/lib/ruby/gems/1.8/gems/actionpack-2.3.5/lib/action_controller/dispatcher.rb:121:in `_call'
    /usr/local/lib/ruby/gems/1.8/gems/actionpack-2.3.5/lib/action_controller/dispatcher.rb:130:in `build_middleware_stack'
    /usr/local/lib/ruby/gems/1.8/gems/actionpack-2.3.5/lib/action_controller/string_coercion.rb:25:in `call'
    /usr/local/lib/ruby/gems/1.8/gems/actionpack-2.3.5/lib/action_controller/string_coercion.rb:25:in `call'
    /usr/local/lib/ruby/gems/1.8/gems/rack-1.0.1/lib/rack/head.rb:9:in `call'
    /usr/local/lib/ruby/gems/1.8/gems/rack-1.0.1/lib/rack/methodoverride.rb:24:in `call'
    /usr/local/lib/ruby/gems/1.8/gems/actionpack-2.3.5/lib/action_controller/params_parser.rb:15:in `call'
    /usr/local/lib/ruby/gems/1.8/gems/actionpack-2.3.5/lib/action_controller/session/abstract_store.rb:122:in `call'
    /usr/local/lib/ruby/gems/1.8/gems/activerecord-2.3.5/lib/active_record/query_cache.rb:29:in `call'
    /usr/local/lib/ruby/gems/1.8/gems/activerecord-2.3.5/lib/active_record/connection_adapters/abstract/query_cache.rb:34:in `cache'
    /usr/local/lib/ruby/gems/1.8/gems/activerecord-2.3.5/lib/active_record/query_cache.rb:9:in `cache'
    /usr/local/lib/ruby/gems/1.8/gems/activerecord-2.3.5/lib/active_record/query_cache.rb:28:in `call'
    /usr/local/lib/ruby/gems/1.8/gems/activerecord-2.3.5/lib/active_record/connection_adapters/abstract/connection_pool.rb:361:in `call'
    /usr/local/lib/ruby/gems/1.8/gems/actionpack-2.3.5/lib/action_controller/failsafe.rb:26:in `call'
    /usr/local/lib/ruby/gems/1.8/gems/rack-1.0.1/lib/rack/lock.rb:11:in `call'
    /usr/local/lib/ruby/gems/1.8/gems/rack-1.0.1/lib/rack/lock.rb:11:in `synchronize'
    /usr/local/lib/ruby/gems/1.8/gems/rack-1.0.1/lib/rack/lock.rb:11:in `call'
    /usr/local/lib/ruby/gems/1.8/gems/actionpack-2.3.5/lib/action_controller/dispatcher.rb:114:in `call'
    /usr/local/lib/ruby/gems/1.8/gems/actionpack-2.3.5/lib/action_controller/reloader.rb:34:in `run'
    /usr/local/lib/ruby/gems/1.8/gems/actionpack-2.3.5/lib/action_controller/dispatcher.rb:108:in `call'
    /usr/local/lib/ruby/gems/1.8/gems/rails-2.3.5/lib/rails/rack/static.rb:31:in `call'
    /usr/local/lib/ruby/gems/1.8/gems/rack-1.0.1/lib/rack/urlmap.rb:46:in `call'
    /usr/local/lib/ruby/gems/1.8/gems/rack-1.0.1/lib/rack/urlmap.rb:40:in `each'
    /usr/local/lib/ruby/gems/1.8/gems/rack-1.0.1/lib/rack/urlmap.rb:40:in `call'
    /usr/local/lib/ruby/gems/1.8/gems/rails-2.3.5/lib/rails/rack/log_tailer.rb:17:in `call'
    /usr/local/lib/ruby/gems/1.8/gems/rack-1.0.1/lib/rack/content_length.rb:13:in `call'
    /usr/local/lib/ruby/gems/1.8/gems/rack-1.0.1/lib/rack/handler/webrick.rb:50:in `service'
    /usr/local/lib/ruby/1.8/webrick/httpserver.rb:104:in `service'
    /usr/local/lib/ruby/1.8/webrick/httpserver.rb:65:in `run'
    /usr/local/lib/ruby/1.8/webrick/server.rb:173:in `start_thread'
    /usr/local/lib/ruby/1.8/webrick/server.rb:162:in `start'
    /usr/local/lib/ruby/1.8/webrick/server.rb:162:in `start_thread'
    /usr/local/lib/ruby/1.8/webrick/server.rb:95:in `start'
    /usr/local/lib/ruby/1.8/webrick/server.rb:92:in `each'
    /usr/local/lib/ruby/1.8/webrick/server.rb:92:in `start'
    /usr/local/lib/ruby/1.8/webrick/server.rb:23:in `start'
    /usr/local/lib/ruby/1.8/webrick/server.rb:82:in `start'
    /usr/local/lib/ruby/gems/1.8/gems/rack-1.0.1/lib/rack/handler/webrick.rb:14:in `run'
    /usr/local/lib/ruby/gems/1.8/gems/rails-2.3.5/lib/commands/server.rb:111
    /usr/local/lib/ruby/site_ruby/1.8/rubygems/custom_require.rb:31:in `gem_original_require'
    /usr/local/lib/ruby/site_ruby/1.8/rubygems/custom_require.rb:31:in `require'
    script/server:3
  [4;35;1mSQL (0.1ms)[0m   [0mSET NAMES 'utf8'[0m
  [4;36;1mSQL (0.2ms)[0m   [0;1mSET SQL_AUTO_IS_NULL=0[0m
DEPRECATION WARNING: Disabling sessions for a single controller has been deprecated. Sessions are now lazy loaded. So if you don't access them, consider them off. You can still modify the session cookie options with request.session_options.. (called from /home/mauricio/Documentos/RubyOnRails/depot-vs-Base/app/controllers/application_controller.rb:18)
DEPRECATION WARNING: protect_from_forgery only takes :only and :except options now. :digest and :secret have no effect. (called from /home/mauricio/Documentos/RubyOnRails/depot-vs-Base/app/controllers/application_controller.rb:21)


Processing AppNoticiasController#index (for 127.0.0.1 at 2010-09-14 16:34:50) [GET]
  [4;35;1mContenido Load (0.6ms)[0m   [0mSELECT * FROM `contenidos` ORDER BY id[0m
********  Usuario cargado:  
  [4;36;1mUser Columns (1.4ms)[0m   [0;1mSHOW FIELDS FROM `users`[0m
  [4;35;1mUser Load (0.4ms)[0m   [0mSELECT * FROM `users` WHERE (`users`.`id` = 2) [0m
********  Id profile: usrvira
  [4;36;1mProfile Columns (1.4ms)[0m   [0;1mSHOW FIELDS FROM `profiles`[0m
  [4;35;1mProfile Load (0.4ms)[0m   [0mSELECT * FROM `profiles` WHERE (`profiles`.`id` = 2) LIMIT 1[0m
********  Perfil del usuario cargado con perfil: 
  [4;36;1mContainer Columns (1.3ms)[0m   [0;1mSHOW FIELDS FROM `containers`[0m
  [4;35;1mContainer Load (0.4ms)[0m   [0mSELECT * FROM `containers` WHERE (`containers`.`id` = 1) [0m
El template asignado para el perfil es: principal_coop_virazon
Rendering template within layouts/principal_coop_virazon
Rendering app_noticias/index
  [4;36;1mContenido Columns (1.2ms)[0m   [0;1mSHOW FIELDS FROM `contenidos`[0m
  [4;35;1mTipoContenido Columns (1.6ms)[0m   [0mSHOW FIELDS FROM `tipo_contenidos`[0m
  [4;36;1mTipoContenido Load (0.4ms)[0m   [0;1mSELECT * FROM `tipo_contenidos` WHERE (`tipo_contenidos`.`id` = 1) [0m
  [4;35;1mElemento Columns (1.5ms)[0m   [0mSHOW FIELDS FROM `elementos`[0m
  [4;36;1mElemento Load (0.5ms)[0m   [0;1mSELECT * FROM `elementos` WHERE (`elementos`.`contenido_id` = 1) [0m
  [4;35;1mTipoElemento Columns (1.2ms)[0m   [0mSHOW FIELDS FROM `tipo_elementos`[0m
  [4;36;1mTipoElemento Load (0.4ms)[0m   [0;1mSELECT * FROM `tipo_elementos` WHERE (`tipo_elementos`.`id` = 1) [0m
Rendered app_noticias/_render_texto (0.2ms)
  [4;35;1mCACHE (0.0ms)[0m   [0mSELECT * FROM `tipo_elementos` WHERE (`tipo_elementos`.`id` = 1) [0m
Rendered app_noticias/_render_texto (0.1ms)
  [4;36;1mTipoElemento Load (0.5ms)[0m   [0;1mSELECT * FROM `tipo_elementos` WHERE (`tipo_elementos`.`id` = 2) [0m
Rendered app_noticias/_render_imagen (1.3ms)
  [4;35;1mCACHE (0.0ms)[0m   [0mSELECT * FROM `tipo_elementos` WHERE (`tipo_elementos`.`id` = 2) [0m
Rendered app_noticias/_render_imagen (0.8ms)

ActionView::TemplateError (undefined method `hola' for #<ActionView::Base:0xb706afb0>) on line #33 of app/views/app_noticias/_template_noticias_1.erb:
30:   <fieldset>
31:     <legend><%= @noticia.descripcion %></legend>
32: 	<hr />
33: 	<%= h_hola  %>
34: 	<%= x[1][0] %>
35: 	<%= x[2][0] %>
36:         <hr />

    app/helpers/app_noticias_helper.rb:6:in `h_hola'
    app/views/app_noticias/_template_noticias_1.erb:33
    app/views/app_noticias/index.html.erb:15
    app/views/app_noticias/index.html.erb:4:in `each'
    app/views/app_noticias/index.html.erb:4
    /usr/local/lib/ruby/1.8/webrick/httpserver.rb:104:in `service'
    /usr/local/lib/ruby/1.8/webrick/httpserver.rb:65:in `run'
    /usr/local/lib/ruby/1.8/webrick/server.rb:173:in `start_thread'
    /usr/local/lib/ruby/1.8/webrick/server.rb:162:in `start'
    /usr/local/lib/ruby/1.8/webrick/server.rb:162:in `start_thread'
    /usr/local/lib/ruby/1.8/webrick/server.rb:95:in `start'
    /usr/local/lib/ruby/1.8/webrick/server.rb:92:in `each'
    /usr/local/lib/ruby/1.8/webrick/server.rb:92:in `start'
    /usr/local/lib/ruby/1.8/webrick/server.rb:23:in `start'
    /usr/local/lib/ruby/1.8/webrick/server.rb:82:in `start'

Rendered rescues/_trace (227.4ms)
Rendered rescues/_request_and_response (0.5ms)
Rendering rescues/layout (internal_server_error)
  [4;36;1mSQL (0.2ms)[0m   [0;1mSET NAMES 'utf8'[0m
  [4;35;1mSQL (0.2ms)[0m   [0mSET SQL_AUTO_IS_NULL=0[0m
DEPRECATION WARNING: Disabling sessions for a single controller has been deprecated. Sessions are now lazy loaded. So if you don't access them, consider them off. You can still modify the session cookie options with request.session_options.. (called from /home/mauricio/Documentos/RubyOnRails/depot-vs-Base/app/controllers/application_controller.rb:18)
DEPRECATION WARNING: protect_from_forgery only takes :only and :except options now. :digest and :secret have no effect. (called from /home/mauricio/Documentos/RubyOnRails/depot-vs-Base/app/controllers/application_controller.rb:21)


Processing AppNoticiasController#index (for 127.0.0.1 at 2010-09-14 16:35:05) [GET]
  [4;36;1mContenido Load (0.5ms)[0m   [0;1mSELECT * FROM `contenidos` ORDER BY id[0m
********  Usuario cargado:  
  [4;35;1mUser Columns (1.3ms)[0m   [0mSHOW FIELDS FROM `users`[0m
  [4;36;1mUser Load (0.4ms)[0m   [0;1mSELECT * FROM `users` WHERE (`users`.`id` = 2) [0m
********  Id profile: usrvira
  [4;35;1mProfile Columns (1.7ms)[0m   [0mSHOW FIELDS FROM `profiles`[0m
  [4;36;1mProfile Load (0.6ms)[0m   [0;1mSELECT * FROM `profiles` WHERE (`profiles`.`id` = 2) LIMIT 1[0m
********  Perfil del usuario cargado con perfil: 
  [4;35;1mContainer Columns (1.2ms)[0m   [0mSHOW FIELDS FROM `containers`[0m
  [4;36;1mContainer Load (0.4ms)[0m   [0;1mSELECT * FROM `containers` WHERE (`containers`.`id` = 1) [0m
El template asignado para el perfil es: principal_coop_virazon
Rendering template within layouts/principal_coop_virazon
Rendering app_noticias/index
  [4;35;1mContenido Columns (1.2ms)[0m   [0mSHOW FIELDS FROM `contenidos`[0m
  [4;36;1mTipoContenido Columns (1.2ms)[0m   [0;1mSHOW FIELDS FROM `tipo_contenidos`[0m
  [4;35;1mTipoContenido Load (0.4ms)[0m   [0mSELECT * FROM `tipo_contenidos` WHERE (`tipo_contenidos`.`id` = 1) [0m
  [4;36;1mElemento Columns (1.3ms)[0m   [0;1mSHOW FIELDS FROM `elementos`[0m
  [4;35;1mElemento Load (0.5ms)[0m   [0mSELECT * FROM `elementos` WHERE (`elementos`.`contenido_id` = 1) [0m
  [4;36;1mTipoElemento Columns (1.2ms)[0m   [0;1mSHOW FIELDS FROM `tipo_elementos`[0m
  [4;35;1mTipoElemento Load (0.4ms)[0m   [0mSELECT * FROM `tipo_elementos` WHERE (`tipo_elementos`.`id` = 1) [0m
Rendered app_noticias/_render_texto (0.2ms)
  [4;36;1mCACHE (0.0ms)[0m   [0;1mSELECT * FROM `tipo_elementos` WHERE (`tipo_elementos`.`id` = 1) [0m
Rendered app_noticias/_render_texto (0.1ms)
  [4;35;1mTipoElemento Load (0.4ms)[0m   [0mSELECT * FROM `tipo_elementos` WHERE (`tipo_elementos`.`id` = 2) [0m
Rendered app_noticias/_render_imagen (1.1ms)
  [4;36;1mCACHE (0.0ms)[0m   [0;1mSELECT * FROM `tipo_elementos` WHERE (`tipo_elementos`.`id` = 2) [0m
Rendered app_noticias/_render_imagen (0.8ms)

ActionView::TemplateError (undefined method `hola' for AppNoticiasController:Class) on line #33 of app/views/app_noticias/_template_noticias_1.erb:
30:   <fieldset>
31:     <legend><%= @noticia.descripcion %></legend>
32: 	<hr />
33: 	<%= h_hola  %>
34: 	<%= x[1][0] %>
35: 	<%= x[2][0] %>
36:         <hr />

    app/helpers/app_noticias_helper.rb:6:in `h_hola'
    app/views/app_noticias/_template_noticias_1.erb:33
    app/views/app_noticias/index.html.erb:15
    app/views/app_noticias/index.html.erb:4:in `each'
    app/views/app_noticias/index.html.erb:4
    /usr/local/lib/ruby/1.8/webrick/httpserver.rb:104:in `service'
    /usr/local/lib/ruby/1.8/webrick/httpserver.rb:65:in `run'
    /usr/local/lib/ruby/1.8/webrick/server.rb:173:in `start_thread'
    /usr/local/lib/ruby/1.8/webrick/server.rb:162:in `start'
    /usr/local/lib/ruby/1.8/webrick/server.rb:162:in `start_thread'
    /usr/local/lib/ruby/1.8/webrick/server.rb:95:in `start'
    /usr/local/lib/ruby/1.8/webrick/server.rb:92:in `each'
    /usr/local/lib/ruby/1.8/webrick/server.rb:92:in `start'
    /usr/local/lib/ruby/1.8/webrick/server.rb:23:in `start'
    /usr/local/lib/ruby/1.8/webrick/server.rb:82:in `start'

Rendered rescues/_trace (196.0ms)
Rendered rescues/_request_and_response (0.5ms)
Rendering rescues/layout (internal_server_error)
